2019-08-25 23:08:34 INFO  UserService:28 - Sumthing happends
2019-08-25 23:08:38 INFO  UserService:28 - Sumthing happends
2019-08-25 23:08:42 INFO  UserService:28 - Sumthing happends
2019-08-25 23:08:44 INFO  UserService:28 - Sumthing happends
2019-08-25 23:15:46 INFO  UserService:31 - Get user page
2019-08-25 23:15:50 INFO  UserService:31 - Get user page
2019-08-25 23:15:56 INFO  UserService:26 - Add user
2019-08-25 23:15:57 INFO  UserService:31 - Get user page
2019-08-25 23:15:58 INFO  UserService:31 - Get user page
2019-08-25 23:16:00 INFO  UserService:50 - Get user
2019-08-25 23:16:02 INFO  UserService:20 - Update user
2019-08-25 23:16:02 INFO  UserService:31 - Get user page
2019-08-25 23:16:04 INFO  UserService:44 - Delete user
2019-08-25 23:16:04 INFO  UserService:31 - Get user page
2019-08-25 23:16:06 INFO  TaskService:24 - Get task page
2019-08-25 23:16:12 INFO  UserService:50 - Get user
2019-08-25 23:16:12 INFO  TaskService:45 - Add task
2019-08-25 23:16:12 INFO  TaskService:24 - Get task page
2019-08-25 23:16:13 INFO  TaskService:24 - Get task page
2019-08-25 23:16:15 INFO  TaskService:57 - Get task
2019-08-25 23:16:16 INFO  UserService:50 - Get user
2019-08-25 23:16:16 INFO  TaskService:39 - Update task
2019-08-25 23:16:16 INFO  TaskService:24 - Get task page
2019-08-25 23:16:18 INFO  TaskService:51 - Delete task
2019-08-25 23:16:18 INFO  TaskService:24 - Get task page
2019-08-25 23:16:20 INFO  UserService:31 - Get user page
2019-08-27 16:35:12 INFO  UserService:31 - Get user page
2019-08-27 16:35:14 INFO  UserService:31 - Get user page
2019-08-27 16:36:37 INFO  UserService:31 - Get user page
2019-08-27 16:36:38 INFO  UserService:31 - Get user page
2019-08-27 16:37:46 INFO  UserService:31 - Get user page
2019-08-27 16:37:49 INFO  UserService:31 - Get user page
2019-08-27 16:38:29 INFO  UserService:31 - Get user page
2019-08-27 16:38:32 INFO  UserService:31 - Get user page
2019-08-27 16:53:16 INFO  UserService:31 - Get user page
2019-08-27 16:53:18 INFO  UserService:31 - Get user page
2019-08-27 16:55:23 INFO  UserService:31 - Get user page
2019-08-27 16:55:26 INFO  UserService:31 - Get user page
2019-08-27 16:56:59 INFO  UserService:31 - Get user page
2019-08-27 16:57:04 INFO  UserService:31 - Get user page
2019-08-27 16:58:11 INFO  UserService:31 - Get user page
2019-08-27 16:58:14 INFO  UserService:31 - Get user page
2019-08-27 17:00:09 INFO  UserService:31 - Get user page
2019-08-27 17:00:12 INFO  UserService:31 - Get user page
2019-08-27 17:01:42 INFO  UserService:31 - Get user page
2019-08-27 17:01:43 INFO  UserService:31 - Get user page
2019-08-27 17:03:09 INFO  UserService:31 - Get user page
2019-08-27 17:03:11 INFO  UserService:31 - Get user page
2019-08-27 17:08:51 INFO  UserService:31 - Get user page
2019-08-27 17:08:52 INFO  UserService:31 - Get user page
2019-08-27 17:09:40 INFO  UserService:31 - Get user page
2019-08-27 17:09:41 INFO  UserService:31 - Get user page
2019-08-27 17:14:41 INFO  UserService:31 - Get user page
2019-08-27 17:14:47 INFO  UserService:31 - Get user page
2019-08-27 17:14:55 INFO  UserService:31 - Get user page
2019-08-27 17:14:56 INFO  UserService:31 - Get user page
2019-08-27 17:15:01 INFO  UserService:31 - Get user page
2019-08-27 17:23:40 INFO  UserService:31 - Get user page
2019-08-27 17:23:44 INFO  UserService:31 - Get user page
2019-08-27 17:24:03 INFO  UserService:26 - Add user
2019-08-27 17:24:03 INFO  UserService:31 - Get user page
2019-08-27 17:24:05 INFO  UserService:31 - Get user page
